INFO 2026-07-21 10:40:37,803 django.utils.autoreload Watching for file changes with StatReloader
WARNING 2026-07-21 10:41:47,771 django.request Method Not Allowed: /login/
INFO 2026-07-21 10:42:07,840 rms_backend.views User login successful. User ID: 1
WARNING 2026-07-21 10:42:21,431 rms_backend.views Login Validation failed. Errors: {'password': [ErrorDetail(string='Invalid password.', code='invalid')]}
WARNING 2026-07-21 10:42:21,432 django.request Bad Request: /login/
WARNING 2026-07-21 10:47:26,502 django.request Unauthorized: /login/
WARNING 2026-07-21 10:47:47,144 django.request Unauthorized: /login/
INFO 2026-07-21 10:47:54,994 rms_backend.views User login successful. User ID: 1
INFO 2026-07-21 10:50:31,697 rms_backend.views Logout successful. User ID: 1
INFO 2026-07-21 10:53:35,104 django.utils.autoreload C:\PROJECTS\Practice\Django\project_4_postgree\Required_management_system\rms_backend\views.py changed, reloading.
INFO 2026-07-21 10:53:38,204 django.utils.autoreload Watching for file changes with StatReloader
INFO 2026-07-21 10:55:33,494 django.utils.autoreload C:\PROJECTS\Practice\Django\project_4_postgree\Required_management_system\rms_backend\serializers.py changed, reloading.
INFO 2026-07-21 10:55:34,845 django.utils.autoreload Watching for file changes with StatReloader
WARNING 2026-07-21 11:00:52,839 django.request Unauthorized: /users/2/
ERROR 2026-07-21 11:01:01,480 django.request Internal Server Error: /users/2/
Traceback (most recent call last):
  File "C:\PROJECTS\Practice\Django\project_4_postgree\.venv\Lib\site-packages\django\core\handlers\exception.py", line 55, in inner
    response = get_response(request)
  File "C:\PROJECTS\Practice\Django\project_4_postgree\.venv\Lib\site-packages\django\core\handlers\base.py", line 198, in _get_response
    response = wrapped_callback(request, *callback_args, **callback_kwargs)
  File "C:\PROJECTS\Practice\Django\project_4_postgree\.venv\Lib\site-packages\django\views\decorators\csrf.py", line 65, in _view_wrapper
    return view_func(request, *args, **kwargs)
  File "C:\PROJECTS\Practice\Django\project_4_postgree\.venv\Lib\site-packages\django\views\generic\base.py", line 106, in view
    return self.dispatch(request, *args, **kwargs)
           ~~~~~~~~~~~~~^^^^^^^^^^^^^^^^^^^^^^^^^^
  File "C:\PROJECTS\Practice\Django\project_4_postgree\.venv\Lib\site-packages\rest_framework\views.py", line 515, in dispatch
    response = self.handle_exception(exc)
  File "C:\PROJECTS\Practice\Django\project_4_postgree\.venv\Lib\site-packages\rest_framework\views.py", line 475, in handle_exception
    self.raise_uncaught_exception(exc)
    ~~~~~~~~~~~~~~~~~~~~~~~~~~~~~^^^^^
  File "C:\PROJECTS\Practice\Django\project_4_postgree\.venv\Lib\site-packages\rest_framework\views.py", line 486, in raise_uncaught_exception
    raise exc
  File "C:\PROJECTS\Practice\Django\project_4_postgree\.venv\Lib\site-packages\rest_framework\views.py", line 512, in dispatch
    response = handler(request, *args, **kwargs)
TypeError: UserAPIView.post() got an unexpected keyword argument 'pk'
ERROR 2026-07-21 11:01:16,173 django.request Internal Server Error: /users/2/
Traceback (most recent call last):
  File "C:\PROJECTS\Practice\Django\project_4_postgree\.venv\Lib\site-packages\django\core\handlers\exception.py", line 55, in inner
    response = get_response(request)
  File "C:\PROJECTS\Practice\Django\project_4_postgree\.venv\Lib\site-packages\django\core\handlers\base.py", line 198, in _get_response
    response = wrapped_callback(request, *callback_args, **callback_kwargs)
  File "C:\PROJECTS\Practice\Django\project_4_postgree\.venv\Lib\site-packages\django\views\decorators\csrf.py", line 65, in _view_wrapper
    return view_func(request, *args, **kwargs)
  File "C:\PROJECTS\Practice\Django\project_4_postgree\.venv\Lib\site-packages\django\views\generic\base.py", line 106, in view
    return self.dispatch(request, *args, **kwargs)
           ~~~~~~~~~~~~~^^^^^^^^^^^^^^^^^^^^^^^^^^
  File "C:\PROJECTS\Practice\Django\project_4_postgree\.venv\Lib\site-packages\rest_framework\views.py", line 515, in dispatch
    response = self.handle_exception(exc)
  File "C:\PROJECTS\Practice\Django\project_4_postgree\.venv\Lib\site-packages\rest_framework\views.py", line 475, in handle_exception
    self.raise_uncaught_exception(exc)
    ~~~~~~~~~~~~~~~~~~~~~~~~~~~~~^^^^^
  File "C:\PROJECTS\Practice\Django\project_4_postgree\.venv\Lib\site-packages\rest_framework\views.py", line 486, in raise_uncaught_exception
    raise exc
  File "C:\PROJECTS\Practice\Django\project_4_postgree\.venv\Lib\site-packages\rest_framework\views.py", line 512, in dispatch
    response = handler(request, *args, **kwargs)
TypeError: UserAPIView.post() got an unexpected keyword argument 'pk'
INFO 2026-07-21 11:01:37,934 django.utils.autoreload Watching for file changes with StatReloader
ERROR 2026-07-21 11:06:04,833 django.request Internal Server Error: /users/2/
Traceback (most recent call last):
  File "C:\PROJECTS\Practice\Django\project_4_postgree\.venv\Lib\site-packages\django\core\handlers\exception.py", line 55, in inner
    response = get_response(request)
  File "C:\PROJECTS\Practice\Django\project_4_postgree\.venv\Lib\site-packages\django\core\handlers\base.py", line 198, in _get_response
    response = wrapped_callback(request, *callback_args, **callback_kwargs)
  File "C:\PROJECTS\Practice\Django\project_4_postgree\.venv\Lib\site-packages\django\views\decorators\csrf.py", line 65, in _view_wrapper
    return view_func(request, *args, **kwargs)
  File "C:\PROJECTS\Practice\Django\project_4_postgree\.venv\Lib\site-packages\django\views\generic\base.py", line 106, in view
    return self.dispatch(request, *args, **kwargs)
           ~~~~~~~~~~~~~^^^^^^^^^^^^^^^^^^^^^^^^^^
  File "C:\PROJECTS\Practice\Django\project_4_postgree\.venv\Lib\site-packages\rest_framework\views.py", line 515, in dispatch
    response = self.handle_exception(exc)
  File "C:\PROJECTS\Practice\Django\project_4_postgree\.venv\Lib\site-packages\rest_framework\views.py", line 475, in handle_exception
    self.raise_uncaught_exception(exc)
    ~~~~~~~~~~~~~~~~~~~~~~~~~~~~~^^^^^
  File "C:\PROJECTS\Practice\Django\project_4_postgree\.venv\Lib\site-packages\rest_framework\views.py", line 486, in raise_uncaught_exception
    raise exc
  File "C:\PROJECTS\Practice\Django\project_4_postgree\.venv\Lib\site-packages\rest_framework\views.py", line 512, in dispatch
    response = handler(request, *args, **kwargs)
TypeError: UserAPIView.post() got an unexpected keyword argument 'pk'
INFO 2026-07-21 11:06:27,576 rms_backend.views User retrieved successfully. User ID: 2
INFO 2026-07-21 11:06:43,142 rms_backend.views Retrieved all users. Total users: 8
INFO 2026-07-21 11:34:12,431 django.utils.autoreload C:\PROJECTS\Practice\Django\project_4_postgree\Required_management_system\Required_management_system\settings.py changed, reloading.
INFO 2026-07-21 11:34:14,757 django.utils.autoreload Watching for file changes with StatReloader
INFO 2026-07-21 11:35:24,066 django.utils.autoreload C:\PROJECTS\Practice\Django\project_4_postgree\Required_management_system\Required_management_system\settings.py changed, reloading.
INFO 2026-07-21 11:36:44,236 django.utils.autoreload Watching for file changes with StatReloader
INFO 2026-07-21 11:40:44,077 django.utils.autoreload C:\PROJECTS\Practice\Django\project_4_postgree\Required_management_system\Required_management_system\settings.py changed, reloading.
INFO 2026-07-21 11:40:45,698 django.utils.autoreload Watching for file changes with StatReloader
INFO 2026-07-21 11:41:30,273 rms_backend.views Retrieved all users. Total users: 8
INFO 2026-07-21 11:41:59,525 rms_backend.views User login successful. User ID: 1
INFO 2026-07-21 11:43:39,444 django.utils.autoreload Watching for file changes with StatReloader
INFO 2026-07-21 12:14:49,345 django.utils.autoreload C:\PROJECTS\Practice\Django\project_4_postgree\Required_management_system\rms_backend\models.py changed, reloading.
INFO 2026-07-21 12:14:53,307 django.utils.autoreload Watching for file changes with StatReloader
INFO 2026-07-21 12:14:54,865 django.utils.autoreload C:\PROJECTS\Practice\Django\project_4_postgree\Required_management_system\rms_backend\models.py changed, reloading.
INFO 2026-07-21 12:14:57,461 django.utils.autoreload Watching for file changes with StatReloader
INFO 2026-07-21 12:14:59,894 django.utils.autoreload C:\PROJECTS\Practice\Django\project_4_postgree\Required_management_system\rms_backend\models.py changed, reloading.
INFO 2026-07-21 12:15:03,401 django.utils.autoreload Watching for file changes with StatReloader
INFO 2026-07-21 12:15:47,992 django.utils.autoreload C:\PROJECTS\Practice\Django\project_4_postgree\Required_management_system\rms_backend\models.py changed, reloading.
INFO 2026-07-21 12:15:50,779 django.utils.autoreload Watching for file changes with StatReloader
INFO 2026-07-21 12:15:53,246 django.utils.autoreload C:\PROJECTS\Practice\Django\project_4_postgree\Required_management_system\rms_backend\models.py changed, reloading.
INFO 2026-07-21 12:15:56,399 django.utils.autoreload Watching for file changes with StatReloader
INFO 2026-07-21 12:16:06,324 django.utils.autoreload C:\PROJECTS\Practice\Django\project_4_postgree\Required_management_system\rms_backend\models.py changed, reloading.
INFO 2026-07-21 12:16:09,845 django.utils.autoreload Watching for file changes with StatReloader
INFO 2026-07-21 12:16:36,331 django.utils.autoreload C:\PROJECTS\Practice\Django\project_4_postgree\Required_management_system\rms_backend\models.py changed, reloading.
INFO 2026-07-21 12:16:39,877 django.utils.autoreload Watching for file changes with StatReloader
INFO 2026-07-21 12:16:53,568 django.utils.autoreload C:\PROJECTS\Practice\Django\project_4_postgree\Required_management_system\rms_backend\models.py changed, reloading.
INFO 2026-07-21 12:16:56,165 django.utils.autoreload Watching for file changes with StatReloader
INFO 2026-07-21 12:18:20,016 django.utils.autoreload C:\PROJECTS\Practice\Django\project_4_postgree\Required_management_system\rms_backend\models.py changed, reloading.
INFO 2026-07-21 12:18:23,675 django.utils.autoreload Watching for file changes with StatReloader
INFO 2026-07-21 12:18:43,783 django.utils.autoreload C:\PROJECTS\Practice\Django\project_4_postgree\Required_management_system\rms_backend\models.py changed, reloading.
INFO 2026-07-21 12:18:47,438 django.utils.autoreload Watching for file changes with StatReloader
INFO 2026-07-21 12:19:15,294 django.utils.autoreload C:\PROJECTS\Practice\Django\project_4_postgree\Required_management_system\rms_backend\models.py changed, reloading.
INFO 2026-07-21 12:19:18,704 django.utils.autoreload Watching for file changes with StatReloader
INFO 2026-07-21 12:19:30,116 django.utils.autoreload C:\PROJECTS\Practice\Django\project_4_postgree\Required_management_system\rms_backend\models.py changed, reloading.
INFO 2026-07-21 12:19:32,628 django.utils.autoreload Watching for file changes with StatReloader
INFO 2026-07-21 12:20:02,448 django.utils.autoreload C:\PROJECTS\Practice\Django\project_4_postgree\Required_management_system\rms_backend\models.py changed, reloading.
INFO 2026-07-21 12:20:05,390 django.utils.autoreload Watching for file changes with StatReloader
INFO 2026-07-21 12:20:16,812 django.utils.autoreload C:\PROJECTS\Practice\Django\project_4_postgree\Required_management_system\rms_backend\models.py changed, reloading.
INFO 2026-07-21 12:20:19,113 django.utils.autoreload Watching for file changes with StatReloader
INFO 2026-07-21 12:20:25,633 django.utils.autoreload C:\PROJECTS\Practice\Django\project_4_postgree\Required_management_system\rms_backend\models.py changed, reloading.
INFO 2026-07-21 12:20:29,292 django.utils.autoreload Watching for file changes with StatReloader
INFO 2026-07-21 12:20:36,853 django.utils.autoreload C:\PROJECTS\Practice\Django\project_4_postgree\Required_management_system\rms_backend\models.py changed, reloading.
INFO 2026-07-21 12:20:39,213 django.utils.autoreload Watching for file changes with StatReloader
